This file contains any messages produced by compilers while
running configure, to aid debugging if configure makes a mistake.

It was created by package-unused configure version-unused, which was
generated by GNU Autoconf 2.69.  Invocation command line was

  $ /home/xhq/tvm_install/nltsp/cmake/libs/../../3rdparty/libbacktrace/configure --prefix=/home/xhq/tvm_install/nltsp/build/libbacktrace --with-pic

## --------- ##
## Platform. ##
## --------- ##

hostname = newmem0
uname -m = x86_64
uname -r = 5.4.0-167-generic
uname -s = Linux
uname -v = #184-Ubuntu SMP Tue Oct 31 09:21:49 UTC 2023

/usr/bin/uname -p = x86_64
/bin/uname -X     = unknown

/bin/arch              = x86_64
/usr/bin/arch -k       = unknown
/usr/convex/getsysinfo = unknown
/usr/bin/hostinfo      = unknown
/bin/machine           = unknown
/usr/bin/oslevel       = unknown
/bin/universe          = unknown

PATH: /opt/intel/oneapi/intelpython/latest/bin/libfabric
PATH: /home/xhq/.vscode-server/bin/6c3e3dba23e8fadc360aed75ce363ba185c49794/bin/remote-cli
PATH: /home/xhq/.local/bin
PATH: /opt/intel/oneapi/intelpython/latest/bin/libfabric
PATH: /opt/intel/oneapi/vtune/2022.2.0/bin64
PATH: /opt/intel/oneapi/vpl/2022.1.0/bin
PATH: /opt/intel/oneapi/mpi/2021.6.0/libfabric/bin
PATH: /opt/intel/oneapi/mpi/2021.6.0/bin
PATH: /opt/intel/oneapi/mkl/2022.1.0/bin/intel64
PATH: /opt/intel/oneapi/itac/2021.6.0/bin
PATH: /home/xhq/.conda/envs/tvm-build/bin
PATH: /opt/intel/oneapi/intelpython/latest/condabin
PATH: /opt/intel/oneapi/inspector/2022.1.0/bin64
PATH: /opt/intel/oneapi/dpcpp-ct/2022.1.0/bin
PATH: /opt/intel/oneapi/dev-utilities/2021.6.0/bin
PATH: /opt/intel/oneapi/debugger/2021.6.0/gdb/intel64/bin
PATH: /opt/intel/oneapi/compiler/2022.1.0/linux/lib/oclfpga/bin
PATH: /opt/intel/oneapi/compiler/2022.1.0/linux/bin/intel64
PATH: /opt/intel/oneapi/compiler/2022.1.0/linux/bin
PATH: /opt/intel/oneapi/clck/2021.6.0/bin/intel64
PATH: /opt/intel/oneapi/advisor/2022.1.0/bin64
PATH: /usr/local/sbin
PATH: /usr/local/bin
PATH: /usr/sbin
PATH: /usr/bin
PATH: /sbin
PATH: /bin
PATH: /usr/games
PATH: /usr/local/games
PATH: /snap/bin
PATH: /opt/cuda/latest/bin
PATH: /opt/cuda/latest/bin


## ----------- ##
## Core tests. ##
## ----------- ##

configure:2375: checking build system type
configure:2389: result: x86_64-pc-linux-gnu
configure:2409: checking host system type
configure:2422: result: x86_64-pc-linux-gnu
configure:2442: checking target system type
configure:2455: result: x86_64-pc-linux-gnu
configure:2535: checking for gcc
configure:2551: found /usr/bin/gcc
configure:2562: result: gcc
configure:2791: checking for C compiler version
configure:2800: gcc --version >&5
gcc (Ubuntu 9.4.0-1ubuntu1~20.04.2) 9.4.0
Copyright (C) 2019 Free Software Foundation, Inc.
This is free software; see the source for copying conditions.  There is NO
warranty; not even for MERCHANTABILITY or FITNESS FOR A PARTICULAR PURPOSE.

configure:2811: $? = 0
configure:2800: gcc -v >&5
Using built-in specs.
COLLECT_GCC=gcc
COLLECT_LTO_WRAPPER=/usr/lib/gcc/x86_64-linux-gnu/9/lto-wrapper
OFFLOAD_TARGET_NAMES=nvptx-none:hsa
OFFLOAD_TARGET_DEFAULT=1
Target: x86_64-linux-gnu
Configured with: ../src/configure -v --with-pkgversion='Ubuntu 9.4.0-1ubuntu1~20.04.2' --with-bugurl=file:///usr/share/doc/gcc-9/README.Bugs --enable-languages=c,ada,c++,go,brig,d,fortran,objc,obj-c++,gm2 --prefix=/usr --with-gcc-major-version-only --program-suffix=-9 --program-prefix=x86_64-linux-gnu- --enable-shared --enable-linker-build-id --libexecdir=/usr/lib --without-included-gettext --enable-threads=posix --libdir=/usr/lib --enable-nls --enable-clocale=gnu --enable-libstdcxx-debug --enable-libstdcxx-time=yes --with-default-libstdcxx-abi=new --enable-gnu-unique-object --disable-vtable-verify --enable-plugin --enable-default-pie --with-system-zlib --with-target-system-zlib=auto --enable-objc-gc=auto --enable-multiarch --disable-werror --with-arch-32=i686 --with-abi=m64 --with-multilib-list=m32,m64,mx32 --enable-multilib --with-tune=generic --enable-offload-targets=nvptx-none=/build/gcc-9-9QDOt0/gcc-9-9.4.0/debian/tmp-nvptx/usr,hsa --without-cuda-driver --enable-checking=release --build=x86_64-linux-gnu --host=x86_64-linux-gnu --target=x86_64-linux-gnu
Thread model: posix
gcc version 9.4.0 (Ubuntu 9.4.0-1ubuntu1~20.04.2) 
configure:2811: $? = 0
configure:2800: gcc -V >&5
gcc: error: unrecognized command line option '-V'
gcc: fatal error: no input files
compilation terminated.
configure:2811: $? = 1
configure:2800: gcc -qversion >&5
gcc: error: unrecognized command line option '-qversion'; did you mean '--version'?
gcc: fatal error: no input files
compilation terminated.
configure:2811: $? = 1
configure:2831: checking whether the C compiler works
configure:2853: gcc    conftest.c  >&5
configure:2857: $? = 0
configure:2905: result: yes
configure:2908: checking for C compiler default output file name
configure:2910: result: a.out
configure:2916: checking for suffix of executables
configure:2923: gcc -o conftest    conftest.c  >&5
configure:2927: $? = 0
configure:2949: result: 
configure:2971: checking whether we are cross compiling
configure:2979: gcc -o conftest    conftest.c  >&5
configure:2983: $? = 0
configure:2990: ./conftest
configure:2994: $? = 0
configure:2982: result: no
configure:2987: checking for suffix of object files
configure:3009: gcc -c   conftest.c >&5
configure:3013: $? = 0
configure:3034: result: o
configure:3038: checking whether we are using the GNU C compiler
configure:3057: gcc -c   conftest.c >&5
configure:3057: $? = 0
configure:3066: result: yes
configure:3075: checking whether gcc accepts -g
configure:3095: gcc -c -g  conftest.c >&5
configure:3095: $? = 0
configure:3136: result: yes
configure:3153: checking for gcc option to accept ISO C89
configure:3216: gcc  -c -g -O2  conftest.c >&5
configure:3216: $? = 0
configure:3229: result: none needed
configure:3254: checking whether gcc understands -c and -o together
configure:3276: gcc -c conftest.c -o conftest2.o
configure:3279: $? = 0
configure:3276: gcc -c conftest.c -o conftest2.o
configure:3279: $? = 0
configure:3291: result: yes
configure:3314: checking how to run the C preprocessor
configure:3345: gcc -E  conftest.c
configure:3345: $? = 0
configure:3359: gcc -E  conftest.c
conftest.c:9:10: fatal error: ac_nonexistent.h: No such file or directory
    9 | #include <ac_nonexistent.h>
      |          ^~~~~~~~~~~~~~~~~~
compilation terminated.
configure:3359: $? = 1
configure: failed program was:
| /* confdefs.h */
| #define PACKAGE_NAME "package-unused"
| #define PACKAGE_TARNAME "libbacktrace"
| #define PACKAGE_VERSION "version-unused"
| #define PACKAGE_STRING "package-unused version-unused"
| #define PACKAGE_BUGREPORT ""
| #define PACKAGE_URL ""
| /* end confdefs.h.  */
| #include <ac_nonexistent.h>
configure:3384: result: gcc -E
configure:3404: gcc -E  conftest.c
configure:3404: $? = 0
configure:3418: gcc -E  conftest.c
conftest.c:9:10: fatal error: ac_nonexistent.h: No such file or directory
    9 | #include <ac_nonexistent.h>
      |          ^~~~~~~~~~~~~~~~~~
compilation terminated.
configure:3418: $? = 1
configure: failed program was:
| /* confdefs.h */
| #define PACKAGE_NAME "package-unused"
| #define PACKAGE_TARNAME "libbacktrace"
| #define PACKAGE_VERSION "version-unused"
| #define PACKAGE_STRING "package-unused version-unused"
| #define PACKAGE_BUGREPORT ""
| #define PACKAGE_URL ""
| /* end confdefs.h.  */
| #include <ac_nonexistent.h>
configure:3447: checking for grep that handles long lines and -e
configure:3505: result: /usr/bin/grep
configure:3510: checking for egrep
configure:3572: result: /usr/bin/grep -E
configure:3577: checking for ANSI C header files
configure:3597: gcc -c -g -O2  conftest.c >&5
configure:3597: $? = 0
configure:3670: gcc -o conftest -g -O2   conftest.c  >&5
configure:3670: $? = 0
configure:3670: ./conftest
configure:3670: $? = 0
configure:3681: result: yes
configure:3694: checking for sys/types.h
configure:3694: gcc -c -g -O2  conftest.c >&5
configure:3694: $? = 0
configure:3694: result: yes
configure:3694: checking for sys/stat.h
configure:3694: gcc -c -g -O2  conftest.c >&5
configure:3694: $? = 0
configure:3694: result: yes
configure:3694: checking for stdlib.h
configure:3694: gcc -c -g -O2  conftest.c >&5
configure:3694: $? = 0
configure:3694: result: yes
configure:3694: checking for string.h
configure:3694: gcc -c -g -O2  conftest.c >&5
configure:3694: $? = 0
configure:3694: result: yes
configure:3694: checking for memory.h
configure:3694: gcc -c -g -O2  conftest.c >&5
configure:3694: $? = 0
configure:3694: result: yes
configure:3694: checking for strings.h
configure:3694: gcc -c -g -O2  conftest.c >&5
configure:3694: $? = 0
configure:3694: result: yes
configure:3694: checking for inttypes.h
configure:3694: gcc -c -g -O2  conftest.c >&5
configure:3694: $? = 0
configure:3694: result: yes
configure:3694: checking for stdint.h
configure:3694: gcc -c -g -O2  conftest.c >&5
configure:3694: $? = 0
configure:3694: result: yes
configure:3694: checking for unistd.h
configure:3694: gcc -c -g -O2  conftest.c >&5
configure:3694: $? = 0
configure:3694: result: yes
configure:3707: checking minix/config.h usability
configure:3707: gcc -c -g -O2  conftest.c >&5
conftest.c:52:10: fatal error: minix/config.h: No such file or directory
   52 | #include <minix/config.h>
      |          ^~~~~~~~~~~~~~~~
compilation terminated.
configure:3707: $? = 1
configure: failed program was:
| /* confdefs.h */
| #define PACKAGE_NAME "package-unused"
| #define PACKAGE_TARNAME "libbacktrace"
| #define PACKAGE_VERSION "version-unused"
| #define PACKAGE_STRING "package-unused version-unused"
| #define PACKAGE_BUGREPORT ""
| #define PACKAGE_URL ""
| #define STDC_HEADERS 1
| #define HAVE_SYS_TYPES_H 1
| #define HAVE_SYS_STAT_H 1
| #define HAVE_STDLIB_H 1
| #define HAVE_STRING_H 1
| #define HAVE_MEMORY_H 1
| #define HAVE_STRINGS_H 1
| #define HAVE_INTTYPES_H 1
| #define HAVE_STDINT_H 1
| #define HAVE_UNISTD_H 1
| /* end confdefs.h.  */
| #include <stdio.h>
| #ifdef HAVE_SYS_TYPES_H
| # include <sys/types.h>
| #endif
| #ifdef HAVE_SYS_STAT_H
| # include <sys/stat.h>
| #endif
| #ifdef STDC_HEADERS
| # include <stdlib.h>
| # include <stddef.h>
| #else
| # ifdef HAVE_STDLIB_H
| #  include <stdlib.h>
| # endif
| #endif
| #ifdef HAVE_STRING_H
| # if !defined STDC_HEADERS && defined HAVE_MEMORY_H
| #  include <memory.h>
| # endif
| # include <string.h>
| #endif
| #ifdef HAVE_STRINGS_H
| # include <strings.h>
| #endif
| #ifdef HAVE_INTTYPES_H
| # include <inttypes.h>
| #endif
| #ifdef HAVE_STDINT_H
| # include <stdint.h>
| #endif
| #ifdef HAVE_UNISTD_H
| # include <unistd.h>
| #endif
| #include <minix/config.h>
configure:3707: result: no
configure:3707: checking minix/config.h presence
configure:3707: gcc -E  conftest.c
conftest.c:19:10: fatal error: minix/config.h: No such file or directory
   19 | #include <minix/config.h>
      |          ^~~~~~~~~~~~~~~~
compilation terminated.
configure:3707: $? = 1
configure: failed program was:
| /* confdefs.h */
| #define PACKAGE_NAME "package-unused"
| #define PACKAGE_TARNAME "libbacktrace"
| #define PACKAGE_VERSION "version-unused"
| #define PACKAGE_STRING "package-unused version-unused"
| #define PACKAGE_BUGREPORT ""
| #define PACKAGE_URL ""
| #define STDC_HEADERS 1
| #define HAVE_SYS_TYPES_H 1
| #define HAVE_SYS_STAT_H 1
| #define HAVE_STDLIB_H 1
| #define HAVE_STRING_H 1
| #define HAVE_MEMORY_H 1
| #define HAVE_STRINGS_H 1
| #define HAVE_INTTYPES_H 1
| #define HAVE_STDINT_H 1
| #define HAVE_UNISTD_H 1
| /* end confdefs.h.  */
| #include <minix/config.h>
configure:3707: result: no
configure:3707: checking for minix/config.h
configure:3707: result: no
configure:3728: checking whether it is safe to define __EXTENSIONS__
configure:3746: gcc -c -g -O2  conftest.c >&5
configure:3746: $? = 0
configure:3753: result: yes
configure:3829: checking for a BSD-compatible install
configure:3897: result: /usr/bin/install -c
configure:3908: checking whether build environment is sane
configure:3963: result: yes
configure:3996: WARNING: 'missing' script is too old or missing
configure:4109: checking for a thread-safe mkdir -p
configure:4148: result: /usr/bin/mkdir -p
configure:4155: checking for gawk
configure:4171: found /usr/bin/gawk
configure:4182: result: gawk
configure:4193: checking whether make sets $(MAKE)
configure:4215: result: yes
configure:4244: checking whether make supports nested variables
configure:4261: result: yes
configure:4380: checking whether to enable maintainer-specific portions of Makefiles
configure:4389: result: no
configure:4463: checking for gcc
configure:4490: result: gcc
configure:4719: checking for C compiler version
configure:4728: gcc --version >&5
gcc (Ubuntu 9.4.0-1ubuntu1~20.04.2) 9.4.0
Copyright (C) 2019 Free Software Foundation, Inc.
This is free software; see the source for copying conditions.  There is NO
warranty; not even for MERCHANTABILITY or FITNESS FOR A PARTICULAR PURPOSE.

configure:4739: $? = 0
configure:4728: gcc -v >&5
Using built-in specs.
COLLECT_GCC=gcc
COLLECT_LTO_WRAPPER=/usr/lib/gcc/x86_64-linux-gnu/9/lto-wrapper
OFFLOAD_TARGET_NAMES=nvptx-none:hsa
OFFLOAD_TARGET_DEFAULT=1
Target: x86_64-linux-gnu
Configured with: ../src/configure -v --with-pkgversion='Ubuntu 9.4.0-1ubuntu1~20.04.2' --with-bugurl=file:///usr/share/doc/gcc-9/README.Bugs --enable-languages=c,ada,c++,go,brig,d,fortran,objc,obj-c++,gm2 --prefix=/usr --with-gcc-major-version-only --program-suffix=-9 --program-prefix=x86_64-linux-gnu- --enable-shared --enable-linker-build-id --libexecdir=/usr/lib --without-included-gettext --enable-threads=posix --libdir=/usr/lib --enable-nls --enable-clocale=gnu --enable-libstdcxx-debug --enable-libstdcxx-time=yes --with-default-libstdcxx-abi=new --enable-gnu-unique-object --disable-vtable-verify --enable-plugin --enable-default-pie --with-system-zlib --with-target-system-zlib=auto --enable-objc-gc=auto --enable-multiarch --disable-werror --with-arch-32=i686 --with-abi=m64 --with-multilib-list=m32,m64,mx32 --enable-multilib --with-tune=generic --enable-offload-targets=nvptx-none=/build/gcc-9-9QDOt0/gcc-9-9.4.0/debian/tmp-nvptx/usr,hsa --without-cuda-driver --enable-checking=release --build=x86_64-linux-gnu --host=x86_64-linux-gnu --target=x86_64-linux-gnu
Thread model: posix
gcc version 9.4.0 (Ubuntu 9.4.0-1ubuntu1~20.04.2) 
configure:4739: $? = 0
configure:4728: gcc -V >&5
gcc: error: unrecognized command line option '-V'
gcc: fatal error: no input files
compilation terminated.
configure:4739: $? = 1
configure:4728: gcc -qversion >&5
gcc: error: unrecognized command line option '-qversion'; did you mean '--version'?
gcc: fatal error: no input files
compilation terminated.
configure:4739: $? = 1
configure:4743: checking whether we are using the GNU C compiler
configure:4771: result: yes
configure:4780: checking whether gcc accepts -g
configure:4841: result: yes
configure:4858: checking for gcc option to accept ISO C89
configure:4934: result: none needed
configure:4959: checking whether gcc understands -c and -o together
configure:4996: result: yes
configure:5060: checking for ranlib
configure:5076: found /usr/bin/ranlib
configure:5087: result: ranlib
configure:5114: checking for gawk
configure:5141: result: gawk
configure:5158: checking for dwz
configure:5174: found /usr/bin/dwz
configure:5185: result: dwz
configure:5248: checking how to print strings
configure:5275: result: printf
configure:5296: checking for a sed that does not truncate output
configure:5360: result: /usr/bin/sed
configure:5378: checking for fgrep
configure:5440: result: /usr/bin/grep -F
configure:5475: checking for ld used by gcc
configure:5542: result: /usr/bin/ld
configure:5549: checking if the linker (/usr/bin/ld) is GNU ld
configure:5564: result: yes
configure:5576: checking for BSD- or MS-compatible name lister (nm)
configure:5625: result: /usr/bin/nm -B
configure:5755: checking the name lister (/usr/bin/nm -B) interface
configure:5762: gcc -c -g -O2  conftest.c >&5
configure:5765: /usr/bin/nm -B "conftest.o"
configure:5768: output
0000000000000000 B some_variable
configure:5769: result: BSD nm
configure:5772: checking whether ln -s works
configure:5776: result: yes
configure:5784: checking the maximum length of command line arguments
configure:5909: result: 1572864
configure:5926: checking whether the shell understands some XSI constructs
configure:5935: result: yes
configure:5939: checking whether the shell understands "+="
configure:5943: result: yes
configure:5978: checking for /usr/bin/ld option to reload object files
configure:5985: result: -r
configure:6054: checking for objdump
configure:6070: found /usr/bin/objdump
configure:6081: result: objdump
configure:6113: checking how to recognize dependent libraries
configure:6314: result: pass_all
configure:6374: checking for ar
configure:6390: found /usr/bin/ar
configure:6401: result: ar
configure:6479: checking for strip
configure:6495: found /usr/bin/strip
configure:6506: result: strip
configure:6578: checking for ranlib
configure:6605: result: ranlib
configure:6707: checking command to parse /usr/bin/nm -B output from gcc object
configure:6825: gcc -c -g -O2  conftest.c >&5
configure:6828: $? = 0
configure:6832: /usr/bin/nm -B conftest.o \| sed -n -e 's/^.*[ ]\([ABCDGIRSTW][ABCDGIRSTW]*\)[ ][ ]*\([_A-Za-z][_A-Za-z0-9]*\)$/\1 \2 \2/p' \> conftest.nm
configure:6835: $? = 0
configure:6889: gcc -o conftest -g -O2   conftest.c conftstm.o >&5
configure:6892: $? = 0
configure:6930: result: ok
configure:7025: gcc -c -g -O2  conftest.c >&5
configure:7028: $? = 0
configure:7778: checking for dlfcn.h
configure:7778: gcc -c -g -O2  conftest.c >&5
configure:7778: $? = 0
configure:7778: result: yes
configure:7935: checking for objdir
configure:7950: result: .libs
configure:8221: checking if gcc supports -fno-rtti -fno-exceptions
configure:8239: gcc -c -g -O2  -fno-rtti -fno-exceptions conftest.c >&5
cc1: warning: command line option '-fno-rtti' is valid for C++/D/ObjC++ but not for C
configure:8243: $? = 0
configure:8256: result: no
configure:8276: checking for gcc option to produce PIC
configure:8562: result: -fPIC -DPIC
configure:8574: checking if gcc PIC flag -fPIC -DPIC works
configure:8592: gcc -c -g -O2  -fPIC -DPIC -DPIC conftest.c >&5
configure:8596: $? = 0
configure:8609: result: yes
configure:8633: checking if gcc static flag -static works
configure:8661: result: yes
configure:8676: checking if gcc supports -c -o file.o
configure:8697: gcc -c -g -O2  -o out/conftest2.o conftest.c >&5
configure:8701: $? = 0
configure:8723: result: yes
configure:8731: checking if gcc supports -c -o file.o
configure:8778: result: yes
configure:8811: checking whether the gcc linker (/usr/bin/ld -m elf_x86_64) supports shared libraries
configure:9882: result: yes
configure:10127: checking dynamic linker characteristics
configure:10583: gcc -o conftest -g -O2   -Wl,-rpath -Wl,/foo conftest.c  >&5
configure:10583: $? = 0
configure:10805: result: GNU/Linux ld.so
configure:10912: checking how to hardcode library paths into programs
configure:10937: result: immediate
configure:11477: checking whether stripping libraries is possible
configure:11482: result: yes
configure:11517: checking if libtool supports shared libraries
configure:11519: result: yes
configure:11522: checking whether to build shared libraries
configure:11543: result: no
configure:11546: checking whether to build static libraries
configure:11550: result: yes
configure:8736: checking for special C compiler options needed for large files
configure:8781: result: no
configure:8787: checking for _FILE_OFFSET_BITS value needed for large files
configure:8812: gcc -c -g -O2  conftest.c >&5
configure:8812: $? = 0
configure:8844: result: no
configure:8937: checking unwind.h usability
configure:8937: gcc -c -g -O2  conftest.c >&5
configure:8937: $? = 0
configure:8937: result: yes
configure:8937: checking unwind.h presence
configure:8937: gcc -E  conftest.c
configure:8937: $? = 0
configure:8937: result: yes
configure:8937: checking for unwind.h
configure:8937: result: yes
configure:8939: checking for _Unwind_Backtrace
configure:8939: gcc -o conftest -g -O2   conftest.c  >&5
configure:8939: $? = 0
configure:8939: result: yes
configure:8960: checking for -funwind-tables option
configure:8978: gcc -c -g -O2 -funwind-tables  conftest.c >&5
configure:8978: $? = 0
configure:8986: result: yes
configure:8991: checking for -frandom-seed=string option
configure:9009: gcc -c -g -O2 -frandom-seed=conftest.lo  conftest.c >&5
configure:9009: $? = 0
configure:9017: result: yes
configure:9044: checking whether gcc supports -W
configure:9061: gcc -c -W  conftest.c >&5
configure:9061: $? = 0
configure:9070: result: yes
configure:9044: checking whether gcc supports -Wall
configure:9061: gcc -c -Wall  conftest.c >&5
configure:9061: $? = 0
configure:9070: result: yes
configure:9044: checking whether gcc supports -Wwrite-strings
configure:9061: gcc -c -Wwrite-strings  conftest.c >&5
configure:9061: $? = 0
configure:9070: result: yes
configure:9044: checking whether gcc supports -Wstrict-prototypes
configure:9061: gcc -c -Wstrict-prototypes  conftest.c >&5
conftest.c:28:1: warning: function declaration isn't a prototype [-Wstrict-prototypes]
   28 | main ()
      | ^~~~
configure:9061: $? = 0
configure:9070: result: yes
configure:9044: checking whether gcc supports -Wmissing-prototypes
configure:9061: gcc -c -Wmissing-prototypes  conftest.c >&5
configure:9061: $? = 0
configure:9070: result: yes
configure:9044: checking whether gcc supports -Wold-style-definition
configure:9061: gcc -c -Wold-style-definition  conftest.c >&5
conftest.c: In function 'main':
conftest.c:28:1: warning: old-style function definition [-Wold-style-definition]
   28 | main ()
      | ^~~~
configure:9061: $? = 0
configure:9070: result: yes
configure:9044: checking whether gcc supports -Wmissing-format-attribute
configure:9061: gcc -c -Wmissing-format-attribute  conftest.c >&5
configure:9061: $? = 0
configure:9070: result: yes
configure:9044: checking whether gcc supports -Wcast-qual
configure:9061: gcc -c -Wcast-qual  conftest.c >&5
configure:9061: $? = 0
configure:9070: result: yes
configure:9131: checking for _Unwind_GetIPInfo
configure:9146: gcc -o conftest -g -O2 -Werror-implicit-function-declaration   conftest.c  >&5
configure:9146: $? = 0
configure:9154: result: yes
configure:9174: checking __sync extensions
configure:9198: gcc -o conftest -g -O2   conftest.c  >&5
configure:9198: $? = 0
configure:9207: result: yes
configure:9219: checking __atomic extensions
configure:9239: gcc -o conftest -g -O2   conftest.c  >&5
configure:9239: $? = 0
configure:9248: result: yes
configure:9259: checking output filetype
configure:9276: gcc -c -g -O2  conftest.c >&5
configure:9276: $? = 0
configure:9287: result: elf64
configure:9358: checking sys/mman.h usability
configure:9358: gcc -c -g -O2  conftest.c >&5
configure:9358: $? = 0
configure:9358: result: yes
configure:9358: checking sys/mman.h presence
configure:9358: gcc -E  conftest.c
configure:9358: $? = 0
configure:9358: result: yes
configure:9358: checking for sys/mman.h
configure:9358: result: yes
configure:9383: checking for mmap
configure:9383: gcc -o conftest -g -O2   conftest.c  >&5
configure:9383: $? = 0
configure:9383: result: yes
configure:9406: gcc -E  conftest.c
configure:9406: $? = 0
configure:9425: checking link.h usability
configure:9425: gcc -c -g -O2  conftest.c >&5
configure:9425: $? = 0
configure:9425: result: yes
configure:9425: checking link.h presence
configure:9425: gcc -E  conftest.c
configure:9425: $? = 0
configure:9425: result: yes
configure:9425: checking for link.h
configure:9425: result: yes
configure:9460: checking for dl_iterate_phdr
configure:9460: gcc -o conftest -g -O2   conftest.c  >&5
configure:9460: $? = 0
configure:9460: result: yes
configure:9478: checking mach-o/dyld.h usability
configure:9478: gcc -c -g -O2  conftest.c >&5
conftest.c:67:10: fatal error: mach-o/dyld.h: No such file or directory
   67 | #include <mach-o/dyld.h>
      |          ^~~~~~~~~~~~~~~
compilation terminated.
configure:9478: $? = 1
configure: failed program was:
| /* confdefs.h */
| #define PACKAGE_NAME "package-unused"
| #define PACKAGE_TARNAME "libbacktrace"
| #define PACKAGE_VERSION "version-unused"
| #define PACKAGE_STRING "package-unused version-unused"
| #define PACKAGE_BUGREPORT ""
| #define PACKAGE_URL ""
| #define STDC_HEADERS 1
| #define HAVE_SYS_TYPES_H 1
| #define HAVE_SYS_STAT_H 1
| #define HAVE_STDLIB_H 1
| #define HAVE_STRING_H 1
| #define HAVE_MEMORY_H 1
| #define HAVE_STRINGS_H 1
| #define HAVE_INTTYPES_H 1
| #define HAVE_STDINT_H 1
| #define HAVE_UNISTD_H 1
| #define __EXTENSIONS__ 1
| #define _ALL_SOURCE 1
| #define _GNU_SOURCE 1
| #define _POSIX_PTHREAD_SEMANTICS 1
| #define _TANDEM_SOURCE 1
| #define HAVE_DLFCN_H 1
| #define LT_OBJDIR ".libs/"
| #define HAVE_GETIPINFO 1
| #define HAVE_SYNC_FUNCTIONS 1
| #define HAVE_ATOMIC_FUNCTIONS 1
| #define BACKTRACE_ELF_SIZE 64
| #define BACKTRACE_XCOFF_SIZE unused
| #define HAVE_SYS_MMAN_H 1
| #define HAVE_LINK_H 1
| #define HAVE_DL_ITERATE_PHDR 1
| /* end confdefs.h.  */
| #include <stdio.h>
| #ifdef HAVE_SYS_TYPES_H
| # include <sys/types.h>
| #endif
| #ifdef HAVE_SYS_STAT_H
| # include <sys/stat.h>
| #endif
| #ifdef STDC_HEADERS
| # include <stdlib.h>
| # include <stddef.h>
| #else
| # ifdef HAVE_STDLIB_H
| #  include <stdlib.h>
| # endif
| #endif
| #ifdef HAVE_STRING_H
| # if !defined STDC_HEADERS && defined HAVE_MEMORY_H
| #  include <memory.h>
| # endif
| # include <string.h>
| #endif
| #ifdef HAVE_STRINGS_H
| # include <strings.h>
| #endif
| #ifdef HAVE_INTTYPES_H
| # include <inttypes.h>
| #endif
| #ifdef HAVE_STDINT_H
| # include <stdint.h>
| #endif
| #ifdef HAVE_UNISTD_H
| # include <unistd.h>
| #endif
| #include <mach-o/dyld.h>
configure:9478: result: no
configure:9478: checking mach-o/dyld.h presence
configure:9478: gcc -E  conftest.c
conftest.c:34:10: fatal error: mach-o/dyld.h: No such file or directory
   34 | #include <mach-o/dyld.h>
      |          ^~~~~~~~~~~~~~~
compilation terminated.
configure:9478: $? = 1
configure: failed program was:
| /* confdefs.h */
| #define PACKAGE_NAME "package-unused"
| #define PACKAGE_TARNAME "libbacktrace"
| #define PACKAGE_VERSION "version-unused"
| #define PACKAGE_STRING "package-unused version-unused"
| #define PACKAGE_BUGREPORT ""
| #define PACKAGE_URL ""
| #define STDC_HEADERS 1
| #define HAVE_SYS_TYPES_H 1
| #define HAVE_SYS_STAT_H 1
| #define HAVE_STDLIB_H 1
| #define HAVE_STRING_H 1
| #define HAVE_MEMORY_H 1
| #define HAVE_STRINGS_H 1
| #define HAVE_INTTYPES_H 1
| #define HAVE_STDINT_H 1
| #define HAVE_UNISTD_H 1
| #define __EXTENSIONS__ 1
| #define _ALL_SOURCE 1
| #define _GNU_SOURCE 1
| #define _POSIX_PTHREAD_SEMANTICS 1
| #define _TANDEM_SOURCE 1
| #define HAVE_DLFCN_H 1
| #define LT_OBJDIR ".libs/"
| #define HAVE_GETIPINFO 1
| #define HAVE_SYNC_FUNCTIONS 1
| #define HAVE_ATOMIC_FUNCTIONS 1
| #define BACKTRACE_ELF_SIZE 64
| #define BACKTRACE_XCOFF_SIZE unused
| #define HAVE_SYS_MMAN_H 1
| #define HAVE_LINK_H 1
| #define HAVE_DL_ITERATE_PHDR 1
| /* end confdefs.h.  */
| #include <mach-o/dyld.h>
configure:9478: result: no
configure:9478: checking for mach-o/dyld.h
configure:9478: result: no
configure:9492: checking sys/ldr.h usability
configure:9492: gcc -c -g -O2  conftest.c >&5
conftest.c:67:10: fatal error: sys/ldr.h: No such file or directory
   67 | #include <sys/ldr.h>
      |          ^~~~~~~~~~~
compilation terminated.
configure:9492: $? = 1
configure: failed program was:
| /* confdefs.h */
| #define PACKAGE_NAME "package-unused"
| #define PACKAGE_TARNAME "libbacktrace"
| #define PACKAGE_VERSION "version-unused"
| #define PACKAGE_STRING "package-unused version-unused"
| #define PACKAGE_BUGREPORT ""
| #define PACKAGE_URL ""
| #define STDC_HEADERS 1
| #define HAVE_SYS_TYPES_H 1
| #define HAVE_SYS_STAT_H 1
| #define HAVE_STDLIB_H 1
| #define HAVE_STRING_H 1
| #define HAVE_MEMORY_H 1
| #define HAVE_STRINGS_H 1
| #define HAVE_INTTYPES_H 1
| #define HAVE_STDINT_H 1
| #define HAVE_UNISTD_H 1
| #define __EXTENSIONS__ 1
| #define _ALL_SOURCE 1
| #define _GNU_SOURCE 1
| #define _POSIX_PTHREAD_SEMANTICS 1
| #define _TANDEM_SOURCE 1
| #define HAVE_DLFCN_H 1
| #define LT_OBJDIR ".libs/"
| #define HAVE_GETIPINFO 1
| #define HAVE_SYNC_FUNCTIONS 1
| #define HAVE_ATOMIC_FUNCTIONS 1
| #define BACKTRACE_ELF_SIZE 64
| #define BACKTRACE_XCOFF_SIZE unused
| #define HAVE_SYS_MMAN_H 1
| #define HAVE_LINK_H 1
| #define HAVE_DL_ITERATE_PHDR 1
| /* end confdefs.h.  */
| #include <stdio.h>
| #ifdef HAVE_SYS_TYPES_H
| # include <sys/types.h>
| #endif
| #ifdef HAVE_SYS_STAT_H
| # include <sys/stat.h>
| #endif
| #ifdef STDC_HEADERS
| # include <stdlib.h>
| # include <stddef.h>
| #else
| # ifdef HAVE_STDLIB_H
| #  include <stdlib.h>
| # endif
| #endif
| #ifdef HAVE_STRING_H
| # if !defined STDC_HEADERS && defined HAVE_MEMORY_H
| #  include <memory.h>
| # endif
| # include <string.h>
| #endif
| #ifdef HAVE_STRINGS_H
| # include <strings.h>
| #endif
| #ifdef HAVE_INTTYPES_H
| # include <inttypes.h>
| #endif
| #ifdef HAVE_STDINT_H
| # include <stdint.h>
| #endif
| #ifdef HAVE_UNISTD_H
| # include <unistd.h>
| #endif
| #include <sys/ldr.h>
configure:9492: result: no
configure:9492: checking sys/ldr.h presence
configure:9492: gcc -E  conftest.c
conftest.c:34:10: fatal error: sys/ldr.h: No such file or directory
   34 | #include <sys/ldr.h>
      |          ^~~~~~~~~~~
compilation terminated.
configure:9492: $? = 1
configure: failed program was:
| /* confdefs.h */
| #define PACKAGE_NAME "package-unused"
| #define PACKAGE_TARNAME "libbacktrace"
| #define PACKAGE_VERSION "version-unused"
| #define PACKAGE_STRING "package-unused version-unused"
| #define PACKAGE_BUGREPORT ""
| #define PACKAGE_URL ""
| #define STDC_HEADERS 1
| #define HAVE_SYS_TYPES_H 1
| #define HAVE_SYS_STAT_H 1
| #define HAVE_STDLIB_H 1
| #define HAVE_STRING_H 1
| #define HAVE_MEMORY_H 1
| #define HAVE_STRINGS_H 1
| #define HAVE_INTTYPES_H 1
| #define HAVE_STDINT_H 1
| #define HAVE_UNISTD_H 1
| #define __EXTENSIONS__ 1
| #define _ALL_SOURCE 1
| #define _GNU_SOURCE 1
| #define _POSIX_PTHREAD_SEMANTICS 1
| #define _TANDEM_SOURCE 1
| #define HAVE_DLFCN_H 1
| #define LT_OBJDIR ".libs/"
| #define HAVE_GETIPINFO 1
| #define HAVE_SYNC_FUNCTIONS 1
| #define HAVE_ATOMIC_FUNCTIONS 1
| #define BACKTRACE_ELF_SIZE 64
| #define BACKTRACE_XCOFF_SIZE unused
| #define HAVE_SYS_MMAN_H 1
| #define HAVE_LINK_H 1
| #define HAVE_DL_ITERATE_PHDR 1
| /* end confdefs.h.  */
| #include <sys/ldr.h>
configure:9492: result: no
configure:9492: checking for sys/ldr.h
configure:9492: result: no
configure:9544: checking for fcntl
configure:9544: gcc -o conftest -g -O2   conftest.c  >&5
configure:9544: $? = 0
configure:9544: result: yes
configure:9558: checking whether strnlen is declared
configure:9558: gcc -c -g -O2  conftest.c >&5
configure:9558: $? = 0
configure:9558: result: yes
configure:9568: checking whether getpagesize is declared
configure:9568: gcc -c -g -O2  conftest.c >&5
configure:9568: $? = 0
configure:9568: result: yes
configure:9582: checking for lstat
configure:9582: gcc -o conftest -g -O2   conftest.c  >&5
configure:9582: $? = 0
configure:9582: result: yes
configure:9582: checking for readlink
configure:9582: gcc -o conftest -g -O2   conftest.c  >&5
configure:9582: $? = 0
configure:9582: result: yes
configure:9599: checking for getexecname
configure:9599: gcc -o conftest -g -O2   conftest.c  >&5
/usr/bin/ld: /tmp/cccUWBzN.o: in function `main':
/home/xhq/tvm_install/nltsp/build/libbacktrace/conftest.c:73: undefined reference to `getexecname'
collect2: error: ld returned 1 exit status
configure:9599: $? = 1
configure: failed program was:
| /* confdefs.h */
| #define PACKAGE_NAME "package-unused"
| #define PACKAGE_TARNAME "libbacktrace"
| #define PACKAGE_VERSION "version-unused"
| #define PACKAGE_STRING "package-unused version-unused"
| #define PACKAGE_BUGREPORT ""
| #define PACKAGE_URL ""
| #define STDC_HEADERS 1
| #define HAVE_SYS_TYPES_H 1
| #define HAVE_SYS_STAT_H 1
| #define HAVE_STDLIB_H 1
| #define HAVE_STRING_H 1
| #define HAVE_MEMORY_H 1
| #define HAVE_STRINGS_H 1
| #define HAVE_INTTYPES_H 1
| #define HAVE_STDINT_H 1
| #define HAVE_UNISTD_H 1
| #define __EXTENSIONS__ 1
| #define _ALL_SOURCE 1
| #define _GNU_SOURCE 1
| #define _POSIX_PTHREAD_SEMANTICS 1
| #define _TANDEM_SOURCE 1
| #define HAVE_DLFCN_H 1
| #define LT_OBJDIR ".libs/"
| #define HAVE_GETIPINFO 1
| #define HAVE_SYNC_FUNCTIONS 1
| #define HAVE_ATOMIC_FUNCTIONS 1
| #define BACKTRACE_ELF_SIZE 64
| #define BACKTRACE_XCOFF_SIZE unused
| #define HAVE_SYS_MMAN_H 1
| #define HAVE_LINK_H 1
| #define HAVE_DL_ITERATE_PHDR 1
| #define HAVE_FCNTL 1
| #define HAVE_DECL_STRNLEN 1
| #define HAVE_DECL_GETPAGESIZE 1
| #define HAVE_LSTAT 1
| #define HAVE_READLINK 1
| /* end confdefs.h.  */
| /* Define getexecname to an innocuous variant, in case <limits.h> declares getexecname.
|    For example, HP-UX 11i <limits.h> declares gettimeofday.  */
| #define getexecname innocuous_getexecname
| 
| /* System header to define __stub macros and hopefully few prototypes,
|     which can conflict with char getexecname (); below.
|     Prefer <limits.h> to <assert.h> if __STDC__ is defined, since
|     <limits.h> exists even on freestanding compilers.  */
| 
| #ifdef __STDC__
| # include <limits.h>
| #else
| # include <assert.h>
| #endif
| 
| #undef getexecname
| 
| /* Override any GCC internal prototype to avoid an error.
|    Use char because int might match the return type of a GCC
|    builtin and then its argument prototype would still apply.  */
| #ifdef __cplusplus
| extern "C"
| #endif
| char getexecname ();
| /* The GNU C library defines this for functions which it implements
|     to always fail with ENOSYS.  Some functions are actually named
|     something starting with __ and the normal name is an alias.  */
| #if defined __stub_getexecname || defined __stub___getexecname
| choke me
| #endif
| 
| int
| main ()
| {
| return getexecname ();
|   ;
|   return 0;
| }
configure:9599: result: no
configure:9615: checking for KERN_PROC
configure:9634: gcc -c -g -O2  conftest.c >&5
In file included from conftest.c:41:
/usr/include/x86_64-linux-gnu/sys/sysctl.h:21:2: warning: #warning "The <sys/sysctl.h> header is deprecated and will be removed." [-Wcpp]
   21 | #warning "The <sys/sysctl.h> header is deprecated and will be removed."
      |  ^~~~~~~
conftest.c: In function 'main':
conftest.c:46:33: error: 'KERN_PROC' undeclared (first use in this function); did you mean 'KERN_PROF'?
   46 | int mib0 = CTL_KERN; int mib1 = KERN_PROC; int mib2 = KERN_PROC_PATHNAME;
      |                                 ^~~~~~~~~
      |                                 KERN_PROF
conftest.c:46:33: note: each undeclared identifier is reported only once for each function it appears in
conftest.c:46:55: error: 'KERN_PROC_PATHNAME' undeclared (first use in this function)
   46 | int mib0 = CTL_KERN; int mib1 = KERN_PROC; int mib2 = KERN_PROC_PATHNAME;
      |                                                       ^~~~~~~~~~~~~~~~~~
configure:9634: $? = 1
configure: failed program was:
| /* confdefs.h */
| #define PACKAGE_NAME "package-unused"
| #define PACKAGE_TARNAME "libbacktrace"
| #define PACKAGE_VERSION "version-unused"
| #define PACKAGE_STRING "package-unused version-unused"
| #define PACKAGE_BUGREPORT ""
| #define PACKAGE_URL ""
| #define STDC_HEADERS 1
| #define HAVE_SYS_TYPES_H 1
| #define HAVE_SYS_STAT_H 1
| #define HAVE_STDLIB_H 1
| #define HAVE_STRING_H 1
| #define HAVE_MEMORY_H 1
| #define HAVE_STRINGS_H 1
| #define HAVE_INTTYPES_H 1
| #define HAVE_STDINT_H 1
| #define HAVE_UNISTD_H 1
| #define __EXTENSIONS__ 1
| #define _ALL_SOURCE 1
| #define _GNU_SOURCE 1
| #define _POSIX_PTHREAD_SEMANTICS 1
| #define _TANDEM_SOURCE 1
| #define HAVE_DLFCN_H 1
| #define LT_OBJDIR ".libs/"
| #define HAVE_GETIPINFO 1
| #define HAVE_SYNC_FUNCTIONS 1
| #define HAVE_ATOMIC_FUNCTIONS 1
| #define BACKTRACE_ELF_SIZE 64
| #define BACKTRACE_XCOFF_SIZE unused
| #define HAVE_SYS_MMAN_H 1
| #define HAVE_LINK_H 1
| #define HAVE_DL_ITERATE_PHDR 1
| #define HAVE_FCNTL 1
| #define HAVE_DECL_STRNLEN 1
| #define HAVE_DECL_GETPAGESIZE 1
| #define HAVE_LSTAT 1
| #define HAVE_READLINK 1
| /* end confdefs.h.  */
| 
| #include <sys/types.h>
| #include <sys/sysctl.h>
| 
| int
| main ()
| {
| int mib0 = CTL_KERN; int mib1 = KERN_PROC; int mib2 = KERN_PROC_PATHNAME;
|   ;
|   return 0;
| }
configure:9641: result: no
configure:9649: checking for KERN_PROG_ARGS
configure:9668: gcc -c -g -O2  conftest.c >&5
In file included from conftest.c:41:
/usr/include/x86_64-linux-gnu/sys/sysctl.h:21:2: warning: #warning "The <sys/sysctl.h> header is deprecated and will be removed." [-Wcpp]
   21 | #warning "The <sys/sysctl.h> header is deprecated and will be removed."
      |  ^~~~~~~
conftest.c: In function 'main':
conftest.c:46:33: error: 'KERN_PROC_ARGS' undeclared (first use in this function)
   46 | int mib0 = CTL_KERN; int mib1 = KERN_PROC_ARGS; int mib2 = KERN_PROC_PATHNAME;
      |                                 ^~~~~~~~~~~~~~
conftest.c:46:33: note: each undeclared identifier is reported only once for each function it appears in
conftest.c:46:60: error: 'KERN_PROC_PATHNAME' undeclared (first use in this function)
   46 | int mib0 = CTL_KERN; int mib1 = KERN_PROC_ARGS; int mib2 = KERN_PROC_PATHNAME;
      |                                                            ^~~~~~~~~~~~~~~~~~
configure:9668: $? = 1
configure: failed program was:
| /* confdefs.h */
| #define PACKAGE_NAME "package-unused"
| #define PACKAGE_TARNAME "libbacktrace"
| #define PACKAGE_VERSION "version-unused"
| #define PACKAGE_STRING "package-unused version-unused"
| #define PACKAGE_BUGREPORT ""
| #define PACKAGE_URL ""
| #define STDC_HEADERS 1
| #define HAVE_SYS_TYPES_H 1
| #define HAVE_SYS_STAT_H 1
| #define HAVE_STDLIB_H 1
| #define HAVE_STRING_H 1
| #define HAVE_MEMORY_H 1
| #define HAVE_STRINGS_H 1
| #define HAVE_INTTYPES_H 1
| #define HAVE_STDINT_H 1
| #define HAVE_UNISTD_H 1
| #define __EXTENSIONS__ 1
| #define _ALL_SOURCE 1
| #define _GNU_SOURCE 1
| #define _POSIX_PTHREAD_SEMANTICS 1
| #define _TANDEM_SOURCE 1
| #define HAVE_DLFCN_H 1
| #define LT_OBJDIR ".libs/"
| #define HAVE_GETIPINFO 1
| #define HAVE_SYNC_FUNCTIONS 1
| #define HAVE_ATOMIC_FUNCTIONS 1
| #define BACKTRACE_ELF_SIZE 64
| #define BACKTRACE_XCOFF_SIZE unused
| #define HAVE_SYS_MMAN_H 1
| #define HAVE_LINK_H 1
| #define HAVE_DL_ITERATE_PHDR 1
| #define HAVE_FCNTL 1
| #define HAVE_DECL_STRNLEN 1
| #define HAVE_DECL_GETPAGESIZE 1
| #define HAVE_LSTAT 1
| #define HAVE_READLINK 1
| /* end confdefs.h.  */
| 
| #include <sys/types.h>
| #include <sys/sysctl.h>
| 
| int
| main ()
| {
| int mib0 = CTL_KERN; int mib1 = KERN_PROC_ARGS; int mib2 = KERN_PROC_PATHNAME;
|   ;
|   return 0;
| }
configure:9675: result: no
configure:9686: checking for clock_gettime
configure:9686: gcc -o conftest -g -O2   conftest.c  >&5
configure:9686: $? = 0
configure:9686: result: yes
configure:9747: checking whether -pthread is supported
configure:9758: gcc -c -g -O2 -pthread  conftest.c >&5
configure:9758: $? = 0
configure:9766: result: yes
configure:9783: checking whether -gdwarf-5 is supported
configure:9801: gcc -o conftest -g -O2 -gdwarf-5   conftest.c  >&5
configure:9801: $? = 0
configure:9810: result: yes
configure:9821: checking for compress in -lz
configure:9846: gcc -o conftest -g -O2   conftest.c -lz   >&5
configure:9846: $? = 0
configure:9855: result: yes
configure:9872: checking whether --compress-debug-sections is supported
configure:9890: gcc -o conftest -g -O2   -Wl,--compress-debug-sections=zlib-gnu conftest.c  >&5
configure:9890: $? = 0
configure:9899: result: yes
configure:9913: checking for objcopy
configure:9929: found /usr/bin/objcopy
configure:9940: result: objcopy
configure:9950: checking for readelf
configure:9966: found /usr/bin/readelf
configure:9977: result: readelf
configure:9985: checking whether objcopy supports debuglink
configure:10000: result: yes
configure:10014: checking for dsymutil
configure:10030: found /home/xhq/.conda/envs/tvm-build/bin/dsymutil
configure:10041: result: dsymutil
configure:10061: checking for nm
configure:10088: result: /usr/bin/nm -B
configure:10099: checking for xz
configure:10115: found /home/xhq/.conda/envs/tvm-build/bin/xz
configure:10126: result: xz
configure:10144: checking for comm
configure:10160: found /usr/bin/comm
configure:10171: result: comm
configure:10197: checking for lzma_auto_decoder in -llzma
configure:10222: gcc -o conftest -g -O2   conftest.c -llzma   >&5
/usr/bin/ld: cannot find -llzma
collect2: error: ld returned 1 exit status
configure:10222: $? = 1
configure: failed program was:
| /* confdefs.h */
| #define PACKAGE_NAME "package-unused"
| #define PACKAGE_TARNAME "libbacktrace"
| #define PACKAGE_VERSION "version-unused"
| #define PACKAGE_STRING "package-unused version-unused"
| #define PACKAGE_BUGREPORT ""
| #define PACKAGE_URL ""
| #define STDC_HEADERS 1
| #define HAVE_SYS_TYPES_H 1
| #define HAVE_SYS_STAT_H 1
| #define HAVE_STDLIB_H 1
| #define HAVE_STRING_H 1
| #define HAVE_MEMORY_H 1
| #define HAVE_STRINGS_H 1
| #define HAVE_INTTYPES_H 1
| #define HAVE_STDINT_H 1
| #define HAVE_UNISTD_H 1
| #define __EXTENSIONS__ 1
| #define _ALL_SOURCE 1
| #define _GNU_SOURCE 1
| #define _POSIX_PTHREAD_SEMANTICS 1
| #define _TANDEM_SOURCE 1
| #define HAVE_DLFCN_H 1
| #define LT_OBJDIR ".libs/"
| #define HAVE_GETIPINFO 1
| #define HAVE_SYNC_FUNCTIONS 1
| #define HAVE_ATOMIC_FUNCTIONS 1
| #define BACKTRACE_ELF_SIZE 64
| #define BACKTRACE_XCOFF_SIZE unused
| #define HAVE_SYS_MMAN_H 1
| #define HAVE_LINK_H 1
| #define HAVE_DL_ITERATE_PHDR 1
| #define HAVE_FCNTL 1
| #define HAVE_DECL_STRNLEN 1
| #define HAVE_DECL_GETPAGESIZE 1
| #define HAVE_LSTAT 1
| #define HAVE_READLINK 1
| #define HAVE_CLOCK_GETTIME 1
| #define HAVE_ZLIB 1
| /* end confdefs.h.  */
| 
| /* Override any GCC internal prototype to avoid an error.
|    Use char because int might match the return type of a GCC
|    builtin and then its argument prototype would still apply.  */
| #ifdef __cplusplus
| extern "C"
| #endif
| char lzma_auto_decoder ();
| int
| main ()
| {
| return lzma_auto_decoder ();
|   ;
|   return 0;
| }
configure:10231: result: no
configure:10248: checking whether tests can run
configure:10267: gcc -o conftest -g -O2   conftest.c  >&5
configure:10267: $? = 0
configure:10267: ./conftest
configure:10267: $? = 0
configure:10277: result: yes
configure:10404: checking that generated files are newer than configure
configure:10410: result: done
configure:10481: creating ./config.status

## ---------------------- ##
## Running config.status. ##
## ---------------------- ##

This file was extended by package-unused config.status version-unused, which was
generated by GNU Autoconf 2.69.  Invocation command line was

  CONFIG_FILES    = 
  CONFIG_HEADERS  = 
  CONFIG_LINKS    = 
  CONFIG_COMMANDS = 
  $ ./config.status 

on newmem0

config.status:1145: creating Makefile
config.status:1145: creating backtrace-supported.h
config.status:1145: creating install-debuginfo-for-buildid.sh
config.status:1145: creating config.h
config.status:1359: executing libtool commands
config.status:1359: executing default commands

## ---------------- ##
## Cache variables. ##
## ---------------- ##

ac_cv_build=x86_64-pc-linux-gnu
ac_cv_c_compiler_gnu=yes
ac_cv_env_CC_set=
ac_cv_env_CC_value=
ac_cv_env_CFLAGS_set=
ac_cv_env_CFLAGS_value=
ac_cv_env_CPPFLAGS_set=
ac_cv_env_CPPFLAGS_value=
ac_cv_env_CPP_set=
ac_cv_env_CPP_value=
ac_cv_env_DSYMUTIL_set=
ac_cv_env_DSYMUTIL_value=
ac_cv_env_LDFLAGS_set=
ac_cv_env_LDFLAGS_value=
ac_cv_env_LIBS_set=
ac_cv_env_LIBS_value=
ac_cv_env_NM_set=
ac_cv_env_NM_value=
ac_cv_env_OBJCOPY_set=
ac_cv_env_OBJCOPY_value=
ac_cv_env_build_alias_set=
ac_cv_env_build_alias_value=
ac_cv_env_host_alias_set=
ac_cv_env_host_alias_value=
ac_cv_env_target_alias_set=
ac_cv_env_target_alias_value=
ac_cv_func__Unwind_Backtrace=yes
ac_cv_func_clock_gettime=yes
ac_cv_func_dl_iterate_phdr=yes
ac_cv_func_fcntl=yes
ac_cv_func_getexecname=no
ac_cv_func_lstat=yes
ac_cv_func_mmap=yes
ac_cv_func_readlink=yes
ac_cv_have_decl_getpagesize=yes
ac_cv_have_decl_strnlen=yes
ac_cv_header_dlfcn_h=yes
ac_cv_header_inttypes_h=yes
ac_cv_header_link_h=yes
ac_cv_header_mach_o_dyld_h=no
ac_cv_header_memory_h=yes
ac_cv_header_minix_config_h=no
ac_cv_header_stdc=yes
ac_cv_header_stdint_h=yes
ac_cv_header_stdlib_h=yes
ac_cv_header_string_h=yes
ac_cv_header_strings_h=yes
ac_cv_header_sys_ldr_h=no
ac_cv_header_sys_mman_h=yes
ac_cv_header_sys_stat_h=yes
ac_cv_header_sys_types_h=yes
ac_cv_header_unistd_h=yes
ac_cv_header_unwind_h=yes
ac_cv_host=x86_64-pc-linux-gnu
ac_cv_lib_lzma_lzma_auto_decoder=no
ac_cv_lib_z_compress=yes
ac_cv_objext=o
ac_cv_path_EGREP='/usr/bin/grep -E'
ac_cv_path_FGREP='/usr/bin/grep -F'
ac_cv_path_GREP=/usr/bin/grep
ac_cv_path_SED=/usr/bin/sed
ac_cv_path_install='/usr/bin/install -c'
ac_cv_path_mkdir=/usr/bin/mkdir
ac_cv_prog_AWK=gawk
ac_cv_prog_COMM=comm
ac_cv_prog_CPP='gcc -E'
ac_cv_prog_DSYMUTIL=dsymutil
ac_cv_prog_DWZ=dwz
ac_cv_prog_NM='/usr/bin/nm -B'
ac_cv_prog_OBJCOPY=objcopy
ac_cv_prog_READELF=readelf
ac_cv_prog_XZ=xz
ac_cv_prog_ac_ct_AR=ar
ac_cv_prog_ac_ct_CC=gcc
ac_cv_prog_ac_ct_OBJDUMP=objdump
ac_cv_prog_ac_ct_RANLIB=ranlib
ac_cv_prog_ac_ct_STRIP=strip
ac_cv_prog_cc_c89=
ac_cv_prog_cc_g=yes
ac_cv_prog_make_make_set=yes
ac_cv_safe_to_define___extensions__=yes
ac_cv_sys_file_offset_bits=no
ac_cv_sys_largefile_CC=no
ac_cv_target=x86_64-pc-linux-gnu
acx_cv_prog_cc_warning__W=yes
acx_cv_prog_cc_warning__Wall=yes
acx_cv_prog_cc_warning__Wcast_qual=yes
acx_cv_prog_cc_warning__Wmissing_format_attribute=yes
acx_cv_prog_cc_warning__Wmissing_prototypes=yes
acx_cv_prog_cc_warning__Wold_style_definition=yes
acx_cv_prog_cc_warning__Wstrict_prototypes=yes
acx_cv_prog_cc_warning__Wwrite_strings=yes
am_cv_make_support_nested_variables=yes
am_cv_prog_cc_c_o=yes
libbacktrace_cv_c_random_seed_string=yes
libbacktrace_cv_c_unwind_tables=yes
libbacktrace_cv_lib_dwarf5=yes
libbacktrace_cv_objcopy_debuglink=yes
libbacktrace_cv_proc=no
libbacktrace_cv_procargs=no
libbacktrace_cv_sys_atomic=yes
libbacktrace_cv_sys_filetype=elf64
libbacktrace_cv_sys_native=yes
libbacktrace_cv_sys_sync=yes
libgo_cv_ld_compress=yes
libgo_cv_lib_pthread=yes
lt_cv_deplibs_check_method=pass_all
lt_cv_file_magic_cmd='$MAGIC_CMD'
lt_cv_file_magic_test_file=
lt_cv_ld_reload_flag=-r
lt_cv_nm_interface='BSD nm'
lt_cv_objdir=.libs
lt_cv_path_LD=/usr/bin/ld
lt_cv_path_NM='/usr/bin/nm -B'
lt_cv_prog_compiler_c_o=yes
lt_cv_prog_compiler_pic_works=yes
lt_cv_prog_compiler_rtti_exceptions=no
lt_cv_prog_compiler_static_works=yes
lt_cv_prog_gnu_ld=yes
lt_cv_shlibpath_overrides_runpath=yes
lt_cv_sys_global_symbol_pipe='sed -n -e '\''s/^.*[	 ]\([ABCDGIRSTW][ABCDGIRSTW]*\)[	 ][	 ]*\([_A-Za-z][_A-Za-z0-9]*\)$/\1 \2 \2/p'\'''
lt_cv_sys_global_symbol_to_c_name_address='sed -n -e '\''s/^: \([^ ]*\) $/  {\"\1\", (void *) 0},/p'\'' -e '\''s/^[ABCDGIRSTW]* \([^ ]*\) \([^ ]*\)$/  {"\2", (void *) \&\2},/p'\'''
lt_cv_sys_global_symbol_to_c_name_address_lib_prefix='sed -n -e '\''s/^: \([^ ]*\) $/  {\"\1\", (void *) 0},/p'\'' -e '\''s/^[ABCDGIRSTW]* \([^ ]*\) \(lib[^ ]*\)$/  {"\2", (void *) \&\2},/p'\'' -e '\''s/^[ABCDGIRSTW]* \([^ ]*\) \([^ ]*\)$/  {"lib\2", (void *) \&\2},/p'\'''
lt_cv_sys_global_symbol_to_cdecl='sed -n -e '\''s/^T .* \(.*\)$/extern int \1();/p'\'' -e '\''s/^[ABCDGIRSTW]* .* \(.*\)$/extern char \1;/p'\'''
lt_cv_sys_max_cmd_len=1572864

## ----------------- ##
## Output variables. ##
## ----------------- ##

ACLOCAL='aclocal-1.15'
ALLOC_FILE='mmap.lo'
AMTAR='$${TAR-tar}'
AM_BACKSLASH='\'
AM_DEFAULT_V='$(AM_DEFAULT_VERBOSITY)'
AM_DEFAULT_VERBOSITY='1'
AM_V='$(V)'
AR='ar'
AUTOCONF='autoconf'
AUTOHEADER='autoheader'
AUTOMAKE='automake-1.15'
AWK='gawk'
BACKTRACE_FILE='backtrace.lo simple.lo'
BACKTRACE_SUPPORTED='1'
BACKTRACE_SUPPORTS_DATA='1'
BACKTRACE_SUPPORTS_THREADS='1'
BACKTRACE_USES_MALLOC='0'
CC='gcc'
CFLAGS='-g -O2'
CLOCK_GETTIME_LINK=''
COMM='comm'
CPP='gcc -E'
CPPFLAGS=''
CYGPATH_W='echo'
DEFS='-DHAVE_CONFIG_H'
DSYMUTIL='dsymutil'
DUMPBIN=''
DWZ='dwz'
ECHO_C=''
ECHO_N='-n'
ECHO_T=''
EGREP='/usr/bin/grep -E'
EXEEXT=''
EXTRA_FLAGS='-funwind-tables -frandom-seed=$@'
FGREP='/usr/bin/grep -F'
FORMAT_FILE='elf.lo'
GREP='/usr/bin/grep'
HAVE_COMM_FALSE='#'
HAVE_COMM_TRUE=''
HAVE_COMPRESSED_DEBUG_FALSE='#'
HAVE_COMPRESSED_DEBUG_TRUE=''
HAVE_DWARF5_FALSE='#'
HAVE_DWARF5_TRUE=''
HAVE_DWZ_FALSE='#'
HAVE_DWZ_TRUE=''
HAVE_ELF_FALSE='#'
HAVE_ELF_TRUE=''
HAVE_LIBLZMA_FALSE=''
HAVE_LIBLZMA_TRUE='#'
HAVE_MINIDEBUG_FALSE='#'
HAVE_MINIDEBUG_TRUE=''
HAVE_OBJCOPY_DEBUGLINK_FALSE='#'
HAVE_OBJCOPY_DEBUGLINK_TRUE=''
HAVE_PTHREAD_FALSE='#'
HAVE_PTHREAD_TRUE=''
HAVE_XZ_FALSE='#'
HAVE_XZ_TRUE=''
HAVE_ZLIB_FALSE='#'
HAVE_ZLIB_TRUE=''
INSTALL_DATA='${INSTALL} -m 644'
INSTALL_PROGRAM='${INSTALL}'
INSTALL_SCRIPT='${INSTALL}'
INSTALL_STRIP_PROGRAM='$(install_sh) -c -s'
LD='/usr/bin/ld -m elf_x86_64'
LDFLAGS=''
LIBOBJS=''
LIBS=''
LIBTOOL='$(SHELL) $(top_builddir)/libtool'
LIPO=''
LN_S='ln -s'
LTLIBOBJS=''
MAINT='#'
MAINTAINER_MODE_FALSE=''
MAINTAINER_MODE_TRUE='#'
MAKEINFO='makeinfo'
MKDIR_P='/usr/bin/mkdir -p'
NATIVE_FALSE='#'
NATIVE_TRUE=''
NM='/usr/bin/nm -B'
NMEDIT=''
OBJCOPY='objcopy'
OBJDUMP='objdump'
OBJEXT='o'
OTOOL64=''
OTOOL=''
PACKAGE='libbacktrace'
PACKAGE_BUGREPORT=''
PACKAGE_NAME='package-unused'
PACKAGE_STRING='package-unused version-unused'
PACKAGE_TARNAME='libbacktrace'
PACKAGE_URL=''
PACKAGE_VERSION='version-unused'
PATH_SEPARATOR=':'
PIC_FLAG=''
PTHREAD_CFLAGS='-pthread'
RANLIB='ranlib'
READELF='readelf'
SED='/usr/bin/sed'
SET_MAKE=''
SHELL='/bin/bash'
STRIP='strip'
USE_DSYMUTIL_FALSE=''
USE_DSYMUTIL_TRUE='#'
VERSION='version-unused'
VIEW_FILE='mmapio.lo'
WARN_FLAGS='-W -Wall -Wwrite-strings -Wstrict-prototypes -Wmissing-prototypes -Wold-style-definition -Wmissing-format-attribute -Wcast-qual'
XZ='xz'
ac_ct_CC='gcc'
ac_ct_DUMPBIN=''
am__EXEEXT_FALSE=''
am__EXEEXT_TRUE='#'
am__isrc=' -I$(srcdir)'
am__leading_dot='.'
am__tar='$${TAR-tar} chof - "$$tardir"'
am__untar='$${TAR-tar} xf -'
bindir='${exec_prefix}/bin'
build='x86_64-pc-linux-gnu'
build_alias=''
build_cpu='x86_64'
build_os='linux-gnu'
build_vendor='pc'
datadir='${datarootdir}'
datarootdir='${prefix}/share'
docdir='${datarootdir}/doc/${PACKAGE_TARNAME}'
dvidir='${docdir}'
exec_prefix='${prefix}'
host='x86_64-pc-linux-gnu'
host_alias=''
host_cpu='x86_64'
host_os='linux-gnu'
host_vendor='pc'
htmldir='${docdir}'
includedir='${prefix}/include'
infodir='${datarootdir}/info'
install_sh='${SHELL} /home/xhq/tvm_install/nltsp/3rdparty/libbacktrace/install-sh'
libdir='${exec_prefix}/lib'
libexecdir='${exec_prefix}/libexec'
libtool_VERSION='1:0:0'
localedir='${datarootdir}/locale'
localstatedir='${prefix}/var'
mandir='${datarootdir}/man'
mkdir_p='$(MKDIR_P)'
multi_basedir=''
oldincludedir='/usr/include'
pdfdir='${docdir}'
prefix='/home/xhq/tvm_install/nltsp/build/libbacktrace'
program_transform_name='s,x,x,'
psdir='${docdir}'
sbindir='${exec_prefix}/sbin'
sharedstatedir='${prefix}/com'
sysconfdir='${prefix}/etc'
target='x86_64-pc-linux-gnu'
target_alias=''
target_cpu='x86_64'
target_os='linux-gnu'
target_vendor='pc'

## ----------- ##
## confdefs.h. ##
## ----------- ##

/* confdefs.h */
#define PACKAGE_NAME "package-unused"
#define PACKAGE_TARNAME "libbacktrace"
#define PACKAGE_VERSION "version-unused"
#define PACKAGE_STRING "package-unused version-unused"
#define PACKAGE_BUGREPORT ""
#define PACKAGE_URL ""
#define STDC_HEADERS 1
#define HAVE_SYS_TYPES_H 1
#define HAVE_SYS_STAT_H 1
#define HAVE_STDLIB_H 1
#define HAVE_STRING_H 1
#define HAVE_MEMORY_H 1
#define HAVE_STRINGS_H 1
#define HAVE_INTTYPES_H 1
#define HAVE_STDINT_H 1
#define HAVE_UNISTD_H 1
#define __EXTENSIONS__ 1
#define _ALL_SOURCE 1
#define _GNU_SOURCE 1
#define _POSIX_PTHREAD_SEMANTICS 1
#define _TANDEM_SOURCE 1
#define HAVE_DLFCN_H 1
#define LT_OBJDIR ".libs/"
#define HAVE_GETIPINFO 1
#define HAVE_SYNC_FUNCTIONS 1
#define HAVE_ATOMIC_FUNCTIONS 1
#define BACKTRACE_ELF_SIZE 64
#define BACKTRACE_XCOFF_SIZE unused
#define HAVE_SYS_MMAN_H 1
#define HAVE_LINK_H 1
#define HAVE_DL_ITERATE_PHDR 1
#define HAVE_FCNTL 1
#define HAVE_DECL_STRNLEN 1
#define HAVE_DECL_GETPAGESIZE 1
#define HAVE_LSTAT 1
#define HAVE_READLINK 1
#define HAVE_CLOCK_GETTIME 1
#define HAVE_ZLIB 1

configure: exit 0
